{
  "stats": {
    "suites": 65,
    "tests": 106,
    "passes": 106,
    "pending": 0,
    "failures": 0,
    "start": "2024-12-05T03:22:47.489Z",
    "end": "2024-12-05T03:22:48.549Z",
    "duration": 1060,
    "testsRegistered": 106,
    "passPercent": 100,
    "pendingPercent": 0,
    "other": 0,
    "hasOther": false,
    "skipped": 0,
    "hasSkipped": false
  },
  "results": [
    {
      "uuid": "cf44bf2f-1deb-4106-af76-c333b0f62b39",
      "title": "",
      "fullFile": "",
      "file": "",
      "beforeHooks": [],
      "afterHooks": [],
      "tests": [],
      "suites": [
        {
          "uuid": "fdc27695-77e0-4053-874d-f460649a77a0",
          "title": "Pruebas del controlador de clientes",
          "fullFile": "D:\\4toCuatri\\DOCKER\\powerclean\\tests\\clienteControlador.test.js",
          "file": "\\tests\\clienteControlador.test.js",
          "beforeHooks": [],
          "afterHooks": [
            {
              "title": "\"after each\" hook in \"Pruebas del controlador de clientes\"",
              "fullTitle": "Pruebas del controlador de clientes \"after each\" hook in \"Pruebas del controlador de clientes\"",
              "timedOut": false,
              "duration": 0,
              "state": null,
              "speed": null,
              "pass": false,
              "fail": false,
              "pending": false,
              "context": null,
              "code": "sinon.restore();",
              "err": {},
              "uuid": "9dac632b-1665-419a-9449-8c6b349a01eb",
              "parentUUID": "fdc27695-77e0-4053-874d-f460649a77a0",
              "isHook": true,
              "skipped": false
            }
          ],
          "tests": [],
          "suites": [
            {
              "uuid": "34bef2df-e4a3-410e-b66d-4e93b3d85cb8",
              "title": "Método GET: Obtiene todos los clientes",
              "fullFile": "D:\\4toCuatri\\DOCKER\\powerclean\\tests\\clienteControlador.test.js",
              "file": "\\tests\\clienteControlador.test.js",
              "beforeHooks": [],
              "afterHooks": [],
              "tests": [
                {
                  "title": "Debería obtener todos los clientes exitosamente",
                  "fullTitle": "Pruebas del controlador de clientes Método GET: Obtiene todos los clientes Debería obtener todos los clientes exitosamente",
                  "timedOut": false,
                  "duration": 3,
                  "state": "passed",
                  "speed": "fast",
                  "pass": true,
                  "fail": false,
                  "pending": false,
                  "context": null,
                  "code": "const mockClientes = [\n    { id: 1, nombre: 'Juan', apellido: 'Pérez' },\n    { id: 2, nombre: 'Ana', apellido: 'López' }\n];\nsinon.stub(Cliente, 'findAll').resolves(mockClientes);\nconst req = {};\nconst res = {\n    status: sinon.stub().returnsThis(),\n    json: sinon.stub()\n};\nawait ClienteController.getAllClientes(req, res);\nexpect(res.status.calledWith(200)).to.be.true;\nexpect(res.json.calledWith({\n    code: 200,\n    message: 'Operación exitosa',\n    data: mockClientes\n})).to.be.true;",
                  "err": {},
                  "uuid": "1c60b63c-3cd0-4520-8cea-37dc5f0e949f",
                  "parentUUID": "34bef2df-e4a3-410e-b66d-4e93b3d85cb8",
                  "isHook": false,
                  "skipped": false
                },
                {
                  "title": "Debería manejar errores al obtener los clientes",
                  "fullTitle": "Pruebas del controlador de clientes Método GET: Obtiene todos los clientes Debería manejar errores al obtener los clientes",
                  "timedOut": false,
                  "duration": 1,
                  "state": "passed",
                  "speed": "fast",
                  "pass": true,
                  "fail": false,
                  "pending": false,
                  "context": null,
                  "code": "sinon.stub(Cliente, 'findAll').rejects(new Error('Error de base de datos'));\nconst req = {};\nconst res = {\n    status: sinon.stub().returnsThis(),\n    json: sinon.stub()\n};\nawait ClienteController.getAllClientes(req, res);\nexpect(res.status.calledWith(500)).to.be.true;\nexpect(res.json.calledWith({\n    code: 500,\n    message: 'Error de base de datos',\n    data: null\n})).to.be.true;",
                  "err": {},
                  "uuid": "49e77a86-9b9f-4c69-bb6c-985755e21be2",
                  "parentUUID": "34bef2df-e4a3-410e-b66d-4e93b3d85cb8",
                  "isHook": false,
                  "skipped": false
                }
              ],
              "suites": [],
              "passes": [
                "1c60b63c-3cd0-4520-8cea-37dc5f0e949f",
                "49e77a86-9b9f-4c69-bb6c-985755e21be2"
              ],
              "failures": [],
              "pending": [],
              "skipped": [],
              "duration": 4,
              "root": false,
              "rootEmpty": false,
              "_timeout": 2000
            },
            {
              "uuid": "30ea4148-4b25-41af-957e-ad5144241185",
              "title": "Método GET: Buscar clientes por todos los parámetros",
              "fullFile": "D:\\4toCuatri\\DOCKER\\powerclean\\tests\\clienteControlador.test.js",
              "file": "\\tests\\clienteControlador.test.js",
              "beforeHooks": [],
              "afterHooks": [],
              "tests": [
                {
                  "title": "Debería buscar clientes exitosamente",
                  "fullTitle": "Pruebas del controlador de clientes Método GET: Buscar clientes por todos los parámetros Debería buscar clientes exitosamente",
                  "timedOut": false,
                  "duration": 1,
                  "state": "passed",
                  "speed": "fast",
                  "pass": true,
                  "fail": false,
                  "pending": false,
                  "context": null,
                  "code": "const searchString = 'Juan';\nconst mockClientes = [{ id: 1, nombre: 'Juan', apellido: 'Pérez' }];\nsinon.stub(Cliente, 'searchAllColumns').resolves(mockClientes);\nconst req = { params: { q: searchString } };\nconst res = {\n    status: sinon.stub().returnsThis(),\n    json: sinon.stub()\n};\nawait ClienteController.searchAllColumns(req, res);\nexpect(res.status.calledWith(200)).to.be.true;\nexpect(res.json.calledWith({\n    code: 200,\n    message: 'Operación exitosa',\n    data: mockClientes\n})).to.be.true;",
                  "err": {},
                  "uuid": "d8058952-63d2-4342-88fc-e2f9fab7be97",
                  "parentUUID": "30ea4148-4b25-41af-957e-ad5144241185",
                  "isHook": false,
                  "skipped": false
                },
                {
                  "title": "Debería devolver un error si el parámetro \"q\" es obligatorio",
                  "fullTitle": "Pruebas del controlador de clientes Método GET: Buscar clientes por todos los parámetros Debería devolver un error si el parámetro \"q\" es obligatorio",
                  "timedOut": false,
                  "duration": 1,
                  "state": "passed",
                  "speed": "fast",
                  "pass": true,
                  "fail": false,
                  "pending": false,
                  "context": null,
                  "code": "const req = { params: {} };\nconst res = {\n    status: sinon.stub().returnsThis(),\n    json: sinon.stub()\n};\nawait ClienteController.searchAllColumns(req, res);\nexpect(res.status.calledWith(400)).to.be.true;\nexpect(res.json.calledWith({\n    code: 400,\n    message: \"El parámetro 'q' es obligatorio\",\n    data: null\n})).to.be.true;",
                  "err": {},
                  "uuid": "12007401-699b-4954-93b2-5e118cd21739",
                  "parentUUID": "30ea4148-4b25-41af-957e-ad5144241185",
                  "isHook": false,
                  "skipped": false
                }
              ],
              "suites": [],
              "passes": [
                "d8058952-63d2-4342-88fc-e2f9fab7be97",
                "12007401-699b-4954-93b2-5e118cd21739"
              ],
              "failures": [],
              "pending": [],
              "skipped": [],
              "duration": 2,
              "root": false,
              "rootEmpty": false,
              "_timeout": 2000
            },
            {
              "uuid": "99a77c76-1dce-47d5-91f0-c8fc2024125d",
              "title": "Método POST: Crea un nuevo cliente",
              "fullFile": "D:\\4toCuatri\\DOCKER\\powerclean\\tests\\clienteControlador.test.js",
              "file": "\\tests\\clienteControlador.test.js",
              "beforeHooks": [],
              "afterHooks": [],
              "tests": [
                {
                  "title": "Debería crear un cliente exitosamente",
                  "fullTitle": "Pruebas del controlador de clientes Método POST: Crea un nuevo cliente Debería crear un cliente exitosamente",
                  "timedOut": false,
                  "duration": 1,
                  "state": "passed",
                  "speed": "fast",
                  "pass": true,
                  "fail": false,
                  "pending": false,
                  "context": null,
                  "code": "const nuevoCliente = { id: 1, nombre: 'Carlos', apellido: 'Sánchez' };\nsinon.stub(Cliente, 'create').resolves(nuevoCliente);\nconst req = { body: { nombre: 'Carlos', apellido: 'Sánchez' } };\nconst res = {\n    status: sinon.stub().returnsThis(),\n    json: sinon.stub()\n};\nawait ClienteController.createCliente(req, res);\nexpect(res.status.calledWith(201)).to.be.true;\nexpect(res.json.calledWith({\n    code: 201,\n    message: 'Cliente creado exitosamente',\n    data: nuevoCliente\n})).to.be.true;",
                  "err": {},
                  "uuid": "4b91d4ef-bd6b-400b-ac28-c40a6a37f3cc",
                  "parentUUID": "99a77c76-1dce-47d5-91f0-c8fc2024125d",
                  "isHook": false,
                  "skipped": false
                },
                {
                  "title": "Debería manejar errores al crear un cliente",
                  "fullTitle": "Pruebas del controlador de clientes Método POST: Crea un nuevo cliente Debería manejar errores al crear un cliente",
                  "timedOut": false,
                  "duration": 1,
                  "state": "passed",
                  "speed": "fast",
                  "pass": true,
                  "fail": false,
                  "pending": false,
                  "context": null,
                  "code": "sinon.stub(Cliente, 'create').rejects(new Error('Error al crear el cliente'));\nconst req = { body: { nombre: 'Carlos', apellido: 'Sánchez' } };\nconst res = {\n    status: sinon.stub().returnsThis(),\n    json: sinon.stub()\n};\nawait ClienteController.createCliente(req, res);\nexpect(res.status.calledWith(500)).to.be.true;\nexpect(res.json.calledWith({\n    code: 500,\n    message: 'Error al crear el cliente',\n    data: null\n})).to.be.true;",
                  "err": {},
                  "uuid": "25e1ec3c-032c-4606-b2e6-e75db374285f",
                  "parentUUID": "99a77c76-1dce-47d5-91f0-c8fc2024125d",
                  "isHook": false,
                  "skipped": false
                }
              ],
              "suites": [],
              "passes": [
                "4b91d4ef-bd6b-400b-ac28-c40a6a37f3cc",
                "25e1ec3c-032c-4606-b2e6-e75db374285f"
              ],
              "failures": [],
              "pending": [],
              "skipped": [],
              "duration": 2,
              "root": false,
              "rootEmpty": false,
              "_timeout": 2000
            },
            {
              "uuid": "b40a75bb-ccae-43e9-b570-dc16b7b0545a",
              "title": "Método GET: Obtiene un cliente por ID",
              "fullFile": "D:\\4toCuatri\\DOCKER\\powerclean\\tests\\clienteControlador.test.js",
              "file": "\\tests\\clienteControlador.test.js",
              "beforeHooks": [],
              "afterHooks": [],
              "tests": [
                {
                  "title": "Debería obtener un cliente por ID exitosamente",
                  "fullTitle": "Pruebas del controlador de clientes Método GET: Obtiene un cliente por ID Debería obtener un cliente por ID exitosamente",
                  "timedOut": false,
                  "duration": 1,
                  "state": "passed",
                  "speed": "fast",
                  "pass": true,
                  "fail": false,
                  "pending": false,
                  "context": null,
                  "code": "const mockCliente = { id: 1, nombre: 'Juan', apellido: 'Pérez' };\nsinon.stub(Cliente, 'findById').resolves(mockCliente);\nconst req = { params: { id: '1' } };\nconst res = {\n    status: sinon.stub().returnsThis(),\n    json: sinon.stub()\n};\nawait ClienteController.getClienteById(req, res);\nexpect(res.status.calledWith(200)).to.be.true;\nexpect(res.json.calledWith({\n    code: 200,\n    message: 'Operación exitosa',\n    data: mockCliente\n})).to.be.true;",
                  "err": {},
                  "uuid": "57843687-f0c9-4b27-9548-5ca6260833ba",
                  "parentUUID": "b40a75bb-ccae-43e9-b570-dc16b7b0545a",
                  "isHook": false,
                  "skipped": false
                },
                {
                  "title": "Debería devolver un error 404 si el cliente no existe",
                  "fullTitle": "Pruebas del controlador de clientes Método GET: Obtiene un cliente por ID Debería devolver un error 404 si el cliente no existe",
                  "timedOut": false,
                  "duration": 2,
                  "state": "passed",
                  "speed": "fast",
                  "pass": true,
                  "fail": false,
                  "pending": false,
                  "context": null,
                  "code": "sinon.stub(Cliente, 'findById').resolves(null);\nconst req = { params: { id: '999' } };\nconst res = {\n    status: sinon.stub().returnsThis(),\n    json: sinon.stub()\n};\nawait ClienteController.getClienteById(req, res);\nexpect(res.status.calledWith(404)).to.be.true;\nexpect(res.json.calledWith({\n    code: 404,\n    message: 'Cliente no encontrado',\n    data: null\n})).to.be.true;",
                  "err": {},
                  "uuid": "d9f0ef16-6396-42b8-b0a2-146e9569577a",
                  "parentUUID": "b40a75bb-ccae-43e9-b570-dc16b7b0545a",
                  "isHook": false,
                  "skipped": false
                }
              ],
              "suites": [],
              "passes": [
                "57843687-f0c9-4b27-9548-5ca6260833ba",
                "d9f0ef16-6396-42b8-b0a2-146e9569577a"
              ],
              "failures": [],
              "pending": [],
              "skipped": [],
              "duration": 3,
              "root": false,
              "rootEmpty": false,
              "_timeout": 2000
            },
            {
              "uuid": "b74b04bc-aa1c-4e2c-bf50-ea5a4b626fa3",
              "title": "Método PUT: Actualiza un cliente",
              "fullFile": "D:\\4toCuatri\\DOCKER\\powerclean\\tests\\clienteControlador.test.js",
              "file": "\\tests\\clienteControlador.test.js",
              "beforeHooks": [],
              "afterHooks": [],
              "tests": [
                {
                  "title": "Debería actualizar un cliente exitosamente",
                  "fullTitle": "Pruebas del controlador de clientes Método PUT: Actualiza un cliente Debería actualizar un cliente exitosamente",
                  "timedOut": false,
                  "duration": 2,
                  "state": "passed",
                  "speed": "fast",
                  "pass": true,
                  "fail": false,
                  "pending": false,
                  "context": null,
                  "code": "const clienteActualizado = { id: 1, nombre: 'Juan', apellido: 'Pérez' };\nsinon.stub(Cliente, 'update').resolves(clienteActualizado);\nconst req = { params: { id: '1' }, body: { nombre: 'Juan', apellido: 'Pérez' } };\nconst res = {\n    status: sinon.stub().returnsThis(),\n    json: sinon.stub()\n};\nawait ClienteController.updateCliente(req, res);\nexpect(res.status.calledWith(200)).to.be.true;\nexpect(res.json.calledWith({\n    code: 200,\n    message: 'Cliente actualizado exitosamente',\n    data: clienteActualizado\n})).to.be.true;",
                  "err": {},
                  "uuid": "357b05d6-90fa-4436-a832-66ca097347c2",
                  "parentUUID": "b74b04bc-aa1c-4e2c-bf50-ea5a4b626fa3",
                  "isHook": false,
                  "skipped": false
                },
                {
                  "title": "Debería devolver un error 404 si el cliente no existe",
                  "fullTitle": "Pruebas del controlador de clientes Método PUT: Actualiza un cliente Debería devolver un error 404 si el cliente no existe",
                  "timedOut": false,
                  "duration": 2,
                  "state": "passed",
                  "speed": "fast",
                  "pass": true,
                  "fail": false,
                  "pending": false,
                  "context": null,
                  "code": "sinon.stub(Cliente, 'update').resolves(null);\nconst req = { params: { id: '999' }, body: { nombre: 'Juan', apellido: 'Pérez' } };\nconst res = {\n    status: sinon.stub().returnsThis(),\n    json: sinon.stub()\n};\nawait ClienteController.updateCliente(req, res);\nexpect(res.status.calledWith(404)).to.be.true;\nexpect(res.json.calledWith({\n    code: 404,\n    message: 'Cliente no encontrado',\n    data: null\n})).to.be.true;",
                  "err": {},
                  "uuid": "ba2e391c-2362-4689-b736-e6af8785027d",
                  "parentUUID": "b74b04bc-aa1c-4e2c-bf50-ea5a4b626fa3",
                  "isHook": false,
                  "skipped": false
                }
              ],
              "suites": [],
              "passes": [
                "357b05d6-90fa-4436-a832-66ca097347c2",
                "ba2e391c-2362-4689-b736-e6af8785027d"
              ],
              "failures": [],
              "pending": [],
              "skipped": [],
              "duration": 4,
              "root": false,
              "rootEmpty": false,
              "_timeout": 2000
            },
            {
              "uuid": "a5188c16-0660-4628-a0dd-9c1b4ebb7643",
              "title": "Método DELETE: Elimina un cliente",
              "fullFile": "D:\\4toCuatri\\DOCKER\\powerclean\\tests\\clienteControlador.test.js",
              "file": "\\tests\\clienteControlador.test.js",
              "beforeHooks": [],
              "afterHooks": [],
              "tests": [
                {
                  "title": "Debería eliminar un cliente exitosamente",
                  "fullTitle": "Pruebas del controlador de clientes Método DELETE: Elimina un cliente Debería eliminar un cliente exitosamente",
                  "timedOut": false,
                  "duration": 1,
                  "state": "passed",
                  "speed": "fast",
                  "pass": true,
                  "fail": false,
                  "pending": false,
                  "context": null,
                  "code": "const clienteEliminado = { id: 1, nombre: 'Juan', apellido: 'Pérez' };\nsinon.stub(Cliente, 'delete').resolves(clienteEliminado);\nconst req = { params: { id: '1' } };\nconst res = {\n    status: sinon.stub().returnsThis(),\n    json: sinon.stub()\n};\nawait ClienteController.deleteCliente(req, res);\nexpect(res.status.calledWith(200)).to.be.true;\nexpect(res.json.calledWith({\n    code: 200,\n    message: 'Cliente eliminado exitosamente',\n    data: null\n})).to.be.true;",
                  "err": {},
                  "uuid": "f996e7a6-01cd-4048-a95e-41bcfdf1b66a",
                  "parentUUID": "a5188c16-0660-4628-a0dd-9c1b4ebb7643",
                  "isHook": false,
                  "skipped": false
                },
                {
                  "title": "Debería devolver un error 404 si el cliente no existe",
                  "fullTitle": "Pruebas del controlador de clientes Método DELETE: Elimina un cliente Debería devolver un error 404 si el cliente no existe",
                  "timedOut": false,
                  "duration": 1,
                  "state": "passed",
                  "speed": "fast",
                  "pass": true,
                  "fail": false,
                  "pending": false,
                  "context": null,
                  "code": "sinon.stub(Cliente, 'delete').resolves(false);\nconst req = { params: { id: '999' } };\nconst res = {\n    status: sinon.stub().returnsThis(),\n    json: sinon.stub()\n};\nawait ClienteController.deleteCliente(req, res);\nexpect(res.status.calledWith(404)).to.be.true;\nexpect(res.json.calledWith({\n    code: 404,\n    message: 'Cliente no encontrado',\n    data: null\n})).to.be.true;",
                  "err": {},
                  "uuid": "b718afa8-06e5-4b27-bae6-bd3ff534eb0f",
                  "parentUUID": "a5188c16-0660-4628-a0dd-9c1b4ebb7643",
                  "isHook": false,
                  "skipped": false
                }
              ],
              "suites": [],
              "passes": [
                "f996e7a6-01cd-4048-a95e-41bcfdf1b66a",
                "b718afa8-06e5-4b27-bae6-bd3ff534eb0f"
              ],
              "failures": [],
              "pending": [],
              "skipped": [],
              "duration": 2,
              "root": false,
              "rootEmpty": false,
              "_timeout": 2000
            },
            {
              "uuid": "8674e176-bd25-499e-9a76-993aa25bbc22",
              "title": "Método GET: Descargar clientes en formato Excel",
              "fullFile": "D:\\4toCuatri\\DOCKER\\powerclean\\tests\\clienteControlador.test.js",
              "file": "\\tests\\clienteControlador.test.js",
              "beforeHooks": [],
              "afterHooks": [],
              "tests": [
                {
                  "title": "Debería generar y descargar el archivo Excel exitosamente",
                  "fullTitle": "Pruebas del controlador de clientes Método GET: Descargar clientes en formato Excel Debería generar y descargar el archivo Excel exitosamente",
                  "timedOut": false,
                  "duration": 3,
                  "state": "passed",
                  "speed": "fast",
                  "pass": true,
                  "fail": false,
                  "pending": false,
                  "context": null,
                  "code": "const mockClientes = [\n    { id: 1, nombre: 'Juan', apellido: 'Pérez' },\n    { id: 2, nombre: 'Ana', apellido: 'López' }\n];\nsinon.stub(Cliente, 'generarExcel').resolves(mockClientes);\nsinon.stub(excel, 'write').returns(Buffer.from('test'));\nconst req = {};\nconst res = {\n    status: sinon.stub().returnsThis(),\n    setHeader: sinon.stub(),\n    send: sinon.stub()\n};\nawait ClienteController.downloadClientesExcel(req, res);\nexpect(res.setHeader.calledWith('Content-Disposition', 'attachment; filename=clientes.xlsx')).to.be.true;\nexpect(res.setHeader.calledWith('Content-Type', 'application/vnd.openxmlformats-officedocument.spreadsheetml.sheet')).to.be.true;\nexpect(res.send.calledOnce).to.be.true;",
                  "err": {},
                  "uuid": "c6bf78cd-473e-477c-ae7e-5527a3812dc7",
                  "parentUUID": "8674e176-bd25-499e-9a76-993aa25bbc22",
                  "isHook": false,
                  "skipped": false
                },
                {
                  "title": "Debería manejar errores al generar el archivo Excel",
                  "fullTitle": "Pruebas del controlador de clientes Método GET: Descargar clientes en formato Excel Debería manejar errores al generar el archivo Excel",
                  "timedOut": false,
                  "duration": 10,
                  "state": "passed",
                  "speed": "fast",
                  "pass": true,
                  "fail": false,
                  "pending": false,
                  "context": null,
                  "code": "sinon.stub(Cliente, 'generarExcel').rejects(new Error('Error al generar el archivo Excel'));\nconst req = {};\nconst res = {\n    status: sinon.stub().returnsThis(),\n    json: sinon.stub()\n};\nawait ClienteController.downloadClientesExcel(req, res);\nexpect(res.status.calledWith(500)).to.be.true;\nexpect(res.json.calledWith({\n    code: 500,\n    message: 'Error al generar el archivo Excel.',\n    data: null\n})).to.be.true;",
                  "err": {},
                  "uuid": "7aeefe94-4623-4192-8d93-810ac73f51f6",
                  "parentUUID": "8674e176-bd25-499e-9a76-993aa25bbc22",
                  "isHook": false,
                  "skipped": false
                }
              ],
              "suites": [],
              "passes": [
                "c6bf78cd-473e-477c-ae7e-5527a3812dc7",
                "7aeefe94-4623-4192-8d93-810ac73f51f6"
              ],
              "failures": [],
              "pending": [],
              "skipped": [],
              "duration": 13,
              "root": false,
              "rootEmpty": false,
              "_timeout": 2000
            }
          ],
          "passes": [],
          "failures": [],
          "pending": [],
          "skipped": [],
          "duration": 0,
          "root": false,
          "rootEmpty": false,
          "_timeout": 2000
        },
        {
          "uuid": "225375f7-c960-4663-817e-fb53f5d046b0",
          "title": "Pruebas del controlador de detalle de ventas",
          "fullFile": "D:\\4toCuatri\\DOCKER\\powerclean\\tests\\detalleVentaControlador.test.js",
          "file": "\\tests\\detalleVentaControlador.test.js",
          "beforeHooks": [],
          "afterHooks": [
            {
              "title": "\"after each\" hook in \"Pruebas del controlador de detalle de ventas\"",
              "fullTitle": "Pruebas del controlador de detalle de ventas \"after each\" hook in \"Pruebas del controlador de detalle de ventas\"",
              "timedOut": false,
              "duration": 0,
              "state": null,
              "speed": null,
              "pass": false,
              "fail": false,
              "pending": false,
              "context": null,
              "code": "sinon.restore();",
              "err": {},
              "uuid": "3469daf4-1a17-48ce-975f-6ba98ea9bdf2",
              "parentUUID": "225375f7-c960-4663-817e-fb53f5d046b0",
              "isHook": true,
              "skipped": false
            }
          ],
          "tests": [],
          "suites": [
            {
              "uuid": "fd0da9b0-9c0b-4df8-8a03-4e4152d63d71",
              "title": "Método GET: Obtiene todos los detalles de ventas",
              "fullFile": "D:\\4toCuatri\\DOCKER\\powerclean\\tests\\detalleVentaControlador.test.js",
              "file": "\\tests\\detalleVentaControlador.test.js",
              "beforeHooks": [],
              "afterHooks": [],
              "tests": [
                {
                  "title": "Debería obtener todos los detalles de ventas exitosamente",
                  "fullTitle": "Pruebas del controlador de detalle de ventas Método GET: Obtiene todos los detalles de ventas Debería obtener todos los detalles de ventas exitosamente",
                  "timedOut": false,
                  "duration": 1,
                  "state": "passed",
                  "speed": "fast",
                  "pass": true,
                  "fail": false,
                  "pending": false,
                  "context": null,
                  "code": "const mockDetalleVentas = [\n    { id: 1, producto: 'Producto 1', cantidad: 10 },\n    { id: 2, producto: 'Producto 2', cantidad: 20 }\n];\nsinon.stub(DetalleVenta, 'findAll').resolves(mockDetalleVentas);\nconst req = {};\nconst res = {\n    status: sinon.stub().returnsThis(),\n    json: sinon.stub()\n};\nawait DetalleVentaController.getAllDetalleVentas(req, res);\nexpect(res.status.calledWith(200)).to.be.true;\nexpect(res.json.calledWith({\n    code: 200,\n    message: 'Operación exitosa',\n    data: mockDetalleVentas\n})).to.be.true;",
                  "err": {},
                  "uuid": "2f597c5f-889c-426b-86de-c267a8d69cae",
                  "parentUUID": "fd0da9b0-9c0b-4df8-8a03-4e4152d63d71",
                  "isHook": false,
                  "skipped": false
                },
                {
                  "title": "Debería manejar errores al obtener los detalles de ventas",
                  "fullTitle": "Pruebas del controlador de detalle de ventas Método GET: Obtiene todos los detalles de ventas Debería manejar errores al obtener los detalles de ventas",
                  "timedOut": false,
                  "duration": 1,
                  "state": "passed",
                  "speed": "fast",
                  "pass": true,
                  "fail": false,
                  "pending": false,
                  "context": null,
                  "code": "sinon.stub(DetalleVenta, 'findAll').rejects(new Error('Error de base de datos'));\nconst req = {};\nconst res = {\n    status: sinon.stub().returnsThis(),\n    json: sinon.stub()\n};\nawait DetalleVentaController.getAllDetalleVentas(req, res);\nexpect(res.status.calledWith(500)).to.be.true;\nexpect(res.json.calledWith({\n    code: 500,\n    message: 'Error de base de datos',\n    data: null\n})).to.be.true;",
                  "err": {},
                  "uuid": "09d8bd3a-6bd5-4e3a-a2ee-3d1286ebef14",
                  "parentUUID": "fd0da9b0-9c0b-4df8-8a03-4e4152d63d71",
                  "isHook": false,
                  "skipped": false
                }
              ],
              "suites": [],
              "passes": [
                "2f597c5f-889c-426b-86de-c267a8d69cae",
                "09d8bd3a-6bd5-4e3a-a2ee-3d1286ebef14"
              ],
              "failures": [],
              "pending": [],
              "skipped": [],
              "duration": 2,
              "root": false,
              "rootEmpty": false,
              "_timeout": 2000
            },
            {
              "uuid": "706bc7fa-ced7-471c-a6df-08605c30a2dd",
              "title": "Método GET: Buscar detalles de ventas por todos los parámetros",
              "fullFile": "D:\\4toCuatri\\DOCKER\\powerclean\\tests\\detalleVentaControlador.test.js",
              "file": "\\tests\\detalleVentaControlador.test.js",
              "beforeHooks": [],
              "afterHooks": [],
              "tests": [
                {
                  "title": "Debería buscar detalles de ventas exitosamente",
                  "fullTitle": "Pruebas del controlador de detalle de ventas Método GET: Buscar detalles de ventas por todos los parámetros Debería buscar detalles de ventas exitosamente",
                  "timedOut": false,
                  "duration": 2,
                  "state": "passed",
                  "speed": "fast",
                  "pass": true,
                  "fail": false,
                  "pending": false,
                  "context": null,
                  "code": "const searchString = 'Producto 1';\nconst mockDetalleVentas = [{ id: 1, producto: 'Producto 1', cantidad: 10 }];\nsinon.stub(DetalleVenta, 'searchAllColumns').resolves(mockDetalleVentas);\nconst req = { params: { q: searchString } };\nconst res = {\n    status: sinon.stub().returnsThis(),\n    json: sinon.stub()\n};\nawait DetalleVentaController.searchAllColumnsDetalleVentas(req, res);\nexpect(res.status.calledWith(200)).to.be.true;\nexpect(res.json.calledWith({\n    code: 200,\n    message: 'Operación exitosa',\n    data: mockDetalleVentas\n})).to.be.true;",
                  "err": {},
                  "uuid": "4c4052c2-a67c-47c3-bf1c-57204389a925",
                  "parentUUID": "706bc7fa-ced7-471c-a6df-08605c30a2dd",
                  "isHook": false,
                  "skipped": false
                },
                {
                  "title": "Debería devolver un error si el parámetro \"q\" es obligatorio",
                  "fullTitle": "Pruebas del controlador de detalle de ventas Método GET: Buscar detalles de ventas por todos los parámetros Debería devolver un error si el parámetro \"q\" es obligatorio",
                  "timedOut": false,
                  "duration": 0,
                  "state": "passed",
                  "speed": "fast",
                  "pass": true,
                  "fail": false,
                  "pending": false,
                  "context": null,
                  "code": "const req = { params: {} };\nconst res = {\n    status: sinon.stub().returnsThis(),\n    json: sinon.stub()\n};\nawait DetalleVentaController.searchAllColumnsDetalleVentas(req, res);\nexpect(res.status.calledWith(400)).to.be.true;\nexpect(res.json.calledWith({\n    code: 400,\n    message: \"El parámetro 'q' es obligatorio\",\n    data: null\n})).to.be.true;",
                  "err": {},
                  "uuid": "2261b3ed-9cbb-4abc-a089-d3bce45fbf32",
                  "parentUUID": "706bc7fa-ced7-471c-a6df-08605c30a2dd",
                  "isHook": false,
                  "skipped": false
                }
              ],
              "suites": [],
              "passes": [
                "4c4052c2-a67c-47c3-bf1c-57204389a925",
                "2261b3ed-9cbb-4abc-a089-d3bce45fbf32"
              ],
              "failures": [],
              "pending": [],
              "skipped": [],
              "duration": 2,
              "root": false,
              "rootEmpty": false,
              "_timeout": 2000
            },
            {
              "uuid": "28670020-a27c-4b4e-ae4d-3c1b43b70b7e",
              "title": "Método POST: Crea un nuevo detalle de venta",
              "fullFile": "D:\\4toCuatri\\DOCKER\\powerclean\\tests\\detalleVentaControlador.test.js",
              "file": "\\tests\\detalleVentaControlador.test.js",
              "beforeHooks": [],
              "afterHooks": [],
              "tests": [
                {
                  "title": "Debería crear un detalle de venta exitosamente",
                  "fullTitle": "Pruebas del controlador de detalle de ventas Método POST: Crea un nuevo detalle de venta Debería crear un detalle de venta exitosamente",
                  "timedOut": false,
                  "duration": 1,
                  "state": "passed",
                  "speed": "fast",
                  "pass": true,
                  "fail": false,
                  "pending": false,
                  "context": null,
                  "code": "const nuevoDetalleVenta = { id: 1, producto: 'Producto 1', cantidad: 10 };\nsinon.stub(DetalleVenta, 'create').resolves(nuevoDetalleVenta);\nconst req = { body: { producto: 'Producto 1', cantidad: 10 } };\nconst res = {\n    status: sinon.stub().returnsThis(),\n    json: sinon.stub()\n};\nawait DetalleVentaController.createDetalleVenta(req, res);\nexpect(res.status.calledWith(201)).to.be.true;\nexpect(res.json.calledWith({\n    code: 201,\n    message: 'El detalle de venta fue creado exitosamente',\n    data: nuevoDetalleVenta\n})).to.be.true;",
                  "err": {},
                  "uuid": "e62d9784-17a1-4e8c-8a66-ae56560411b4",
                  "parentUUID": "28670020-a27c-4b4e-ae4d-3c1b43b70b7e",
                  "isHook": false,
                  "skipped": false
                },
                {
                  "title": "Debería manejar errores al crear un detalle de venta",
                  "fullTitle": "Pruebas del controlador de detalle de ventas Método POST: Crea un nuevo detalle de venta Debería manejar errores al crear un detalle de venta",
                  "timedOut": false,
                  "duration": 1,
                  "state": "passed",
                  "speed": "fast",
                  "pass": true,
                  "fail": false,
                  "pending": false,
                  "context": null,
                  "code": "sinon.stub(DetalleVenta, 'create').rejects(new Error('Error al crear el detalle de venta'));\nconst req = { body: { producto: 'Producto 1', cantidad: 10 } };\nconst res = {\n    status: sinon.stub().returnsThis(),\n    json: sinon.stub()\n};\nawait DetalleVentaController.createDetalleVenta(req, res);\nexpect(res.status.calledWith(500)).to.be.true;\nexpect(res.json.calledWith({\n    code: 500,\n    message: 'Error al crear el detalle de venta',\n    data: null\n})).to.be.true;",
                  "err": {},
                  "uuid": "ab001ead-8c7b-480d-b0ab-8c5baa61c597",
                  "parentUUID": "28670020-a27c-4b4e-ae4d-3c1b43b70b7e",
                  "isHook": false,
                  "skipped": false
                }
              ],
              "suites": [],
              "passes": [
                "e62d9784-17a1-4e8c-8a66-ae56560411b4",
                "ab001ead-8c7b-480d-b0ab-8c5baa61c597"
              ],
              "failures": [],
              "pending": [],
              "skipped": [],
              "duration": 2,
              "root": false,
              "rootEmpty": false,
              "_timeout": 2000
            },
            {
              "uuid": "6ee6098f-56b3-4bb0-82e3-1a19b1753789",
              "title": "Método GET: Obtiene un detalle de venta por ID",
              "fullFile": "D:\\4toCuatri\\DOCKER\\powerclean\\tests\\detalleVentaControlador.test.js",
              "file": "\\tests\\detalleVentaControlador.test.js",
              "beforeHooks": [],
              "afterHooks": [],
              "tests": [
                {
                  "title": "Debería obtener un detalle de venta por ID exitosamente",
                  "fullTitle": "Pruebas del controlador de detalle de ventas Método GET: Obtiene un detalle de venta por ID Debería obtener un detalle de venta por ID exitosamente",
                  "timedOut": false,
                  "duration": 2,
                  "state": "passed",
                  "speed": "fast",
                  "pass": true,
                  "fail": false,
                  "pending": false,
                  "context": null,
                  "code": "const mockDetalleVenta = { id: 1, producto: 'Producto 1', cantidad: 10 };\nsinon.stub(DetalleVenta, 'findById').resolves(mockDetalleVenta);\nconst req = { params: { id: '1' } };\nconst res = {\n    status: sinon.stub().returnsThis(),\n    json: sinon.stub()\n};\nawait DetalleVentaController.getDetalleVentaById(req, res);\nexpect(res.status.calledWith(200)).to.be.true;\nexpect(res.json.calledWith({\n    code: 200,\n    message: 'Operación exitosa',\n    data: mockDetalleVenta\n})).to.be.true;",
                  "err": {},
                  "uuid": "e292431f-4215-4db7-a53c-5f5ebb41bf0f",
                  "parentUUID": "6ee6098f-56b3-4bb0-82e3-1a19b1753789",
                  "isHook": false,
                  "skipped": false
                },
                {
                  "title": "Debería devolver un error 404 si el detalle de venta no existe",
                  "fullTitle": "Pruebas del controlador de detalle de ventas Método GET: Obtiene un detalle de venta por ID Debería devolver un error 404 si el detalle de venta no existe",
                  "timedOut": false,
                  "duration": 2,
                  "state": "passed",
                  "speed": "fast",
                  "pass": true,
                  "fail": false,
                  "pending": false,
                  "context": null,
                  "code": "sinon.stub(DetalleVenta, 'findById').resolves(null);\nconst req = { params: { id: '999' } };\nconst res = {\n    status: sinon.stub().returnsThis(),\n    json: sinon.stub()\n};\nawait DetalleVentaController.getDetalleVentaById(req, res);\nexpect(res.status.calledWith(404)).to.be.true;\nexpect(res.json.calledWith({\n    code: 404,\n    message: 'Detalle de venta no encontrado',\n    data: null\n})).to.be.true;",
                  "err": {},
                  "uuid": "9757431c-f410-4900-a210-181d088ccfa0",
                  "parentUUID": "6ee6098f-56b3-4bb0-82e3-1a19b1753789",
                  "isHook": false,
                  "skipped": false
                }
              ],
              "suites": [],
              "passes": [
                "e292431f-4215-4db7-a53c-5f5ebb41bf0f",
                "9757431c-f410-4900-a210-181d088ccfa0"
              ],
              "failures": [],
              "pending": [],
              "skipped": [],
              "duration": 4,
              "root": false,
              "rootEmpty": false,
              "_timeout": 2000
            },
            {
              "uuid": "0fdf3dcb-b239-4f3b-9ff3-0613fb6dd8be",
              "title": "Método PUT: Actualiza un detalle de venta",
              "fullFile": "D:\\4toCuatri\\DOCKER\\powerclean\\tests\\detalleVentaControlador.test.js",
              "file": "\\tests\\detalleVentaControlador.test.js",
              "beforeHooks": [],
              "afterHooks": [],
              "tests": [
                {
                  "title": "Debería actualizar un detalle de venta exitosamente",
                  "fullTitle": "Pruebas del controlador de detalle de ventas Método PUT: Actualiza un detalle de venta Debería actualizar un detalle de venta exitosamente",
                  "timedOut": false,
                  "duration": 1,
                  "state": "passed",
                  "speed": "fast",
                  "pass": true,
                  "fail": false,
                  "pending": false,
                  "context": null,
                  "code": "const detalleVentaActualizado = { id: 1, producto: 'Producto 1', cantidad: 15 };\nsinon.stub(DetalleVenta, 'update').resolves(detalleVentaActualizado);\nconst req = { params: { id: '1' }, body: { producto: 'Producto 1', cantidad: 15 } };\nconst res = {\n    status: sinon.stub().returnsThis(),\n    json: sinon.stub()\n};\nawait DetalleVentaController.updateDetalleVenta(req, res);\nexpect(res.status.calledWith(200)).to.be.true;\nexpect(res.json.calledWith({\n    code: 200,\n    message: 'El Detalle de venta fue actualizado exitosamente',\n    data: detalleVentaActualizado\n})).to.be.true;",
                  "err": {},
                  "uuid": "7150bcb5-4565-423a-af3e-6b465ad76b17",
                  "parentUUID": "0fdf3dcb-b239-4f3b-9ff3-0613fb6dd8be",
                  "isHook": false,
                  "skipped": false
                },
                {
                  "title": "Debería devolver un error 404 si el detalle de venta no existe",
                  "fullTitle": "Pruebas del controlador de detalle de ventas Método PUT: Actualiza un detalle de venta Debería devolver un error 404 si el detalle de venta no existe",
                  "timedOut": false,
                  "duration": 1,
                  "state": "passed",
                  "speed": "fast",
                  "pass": true,
                  "fail": false,
                  "pending": false,
                  "context": null,
                  "code": "sinon.stub(DetalleVenta, 'update').resolves(null);\nconst req = { params: { id: '999' }, body: { producto: 'Producto 1', cantidad: 15 } };\nconst res = {\n    status: sinon.stub().returnsThis(),\n    json: sinon.stub()\n};\nawait DetalleVentaController.updateDetalleVenta(req, res);\nexpect(res.status.calledWith(404)).to.be.true;\nexpect(res.json.calledWith({\n    code: 404,\n    message: 'El Detalle de venta no fue encontrado',\n    data: null\n})).to.be.true;",
                  "err": {},
                  "uuid": "f1998c38-5ae3-40a1-8541-a06e95761617",
                  "parentUUID": "0fdf3dcb-b239-4f3b-9ff3-0613fb6dd8be",
                  "isHook": false,
                  "skipped": false
                }
              ],
              "suites": [],
              "passes": [
                "7150bcb5-4565-423a-af3e-6b465ad76b17",
                "f1998c38-5ae3-40a1-8541-a06e95761617"
              ],
              "failures": [],
              "pending": [],
              "skipped": [],
              "duration": 2,
              "root": false,
              "rootEmpty": false,
              "_timeout": 2000
            },
            {
              "uuid": "4d52bd88-181f-43be-a71c-31789b246da0",
              "title": "Método DELETE: Elimina un detalle de venta",
              "fullFile": "D:\\4toCuatri\\DOCKER\\powerclean\\tests\\detalleVentaControlador.test.js",
              "file": "\\tests\\detalleVentaControlador.test.js",
              "beforeHooks": [],
              "afterHooks": [],
              "tests": [
                {
                  "title": "Debería eliminar un detalle de venta exitosamente",
                  "fullTitle": "Pruebas del controlador de detalle de ventas Método DELETE: Elimina un detalle de venta Debería eliminar un detalle de venta exitosamente",
                  "timedOut": false,
                  "duration": 1,
                  "state": "passed",
                  "speed": "fast",
                  "pass": true,
                  "fail": false,
                  "pending": false,
                  "context": null,
                  "code": "const detalleVentaEliminado = { id: 1, producto: 'Producto 1', cantidad: 10 };\nsinon.stub(DetalleVenta, 'delete').resolves(detalleVentaEliminado);\nconst req = { params: { id: '1' } };\nconst res = {\n    status: sinon.stub().returnsThis(),\n    json: sinon.stub()\n};\nawait DetalleVentaController.deleteDetalleVenta(req, res);\nexpect(res.status.calledWith(200)).to.be.true;\nexpect(res.json.calledWith({\n    code: 200,\n    message: 'Detalle de venta eliminado exitosamente',\n    data: null\n})).to.be.true;",
                  "err": {},
                  "uuid": "8195168c-f937-4f03-ad45-ba1762a04b13",
                  "parentUUID": "4d52bd88-181f-43be-a71c-31789b246da0",
                  "isHook": false,
                  "skipped": false
                },
                {
                  "title": "Debería devolver un error 404 si el detalle de venta no existe",
                  "fullTitle": "Pruebas del controlador de detalle de ventas Método DELETE: Elimina un detalle de venta Debería devolver un error 404 si el detalle de venta no existe",
                  "timedOut": false,
                  "duration": 1,
                  "state": "passed",
                  "speed": "fast",
                  "pass": true,
                  "fail": false,
                  "pending": false,
                  "context": null,
                  "code": "sinon.stub(DetalleVenta, 'delete').resolves(false);\nconst req = { params: { id: '999' } };\nconst res = {\n    status: sinon.stub().returnsThis(),\n    json: sinon.stub()\n};\nawait DetalleVentaController.deleteDetalleVenta(req, res);\nexpect(res.status.calledWith(404)).to.be.true;\nexpect(res.json.calledWith({\n    code: 404,\n    message: 'Detalle de venta no encontrado',\n    data: null\n})).to.be.true;",
                  "err": {},
                  "uuid": "30ec0c91-10e0-46de-b927-c42469d168e8",
                  "parentUUID": "4d52bd88-181f-43be-a71c-31789b246da0",
                  "isHook": false,
                  "skipped": false
                }
              ],
              "suites": [],
              "passes": [
                "8195168c-f937-4f03-ad45-ba1762a04b13",
                "30ec0c91-10e0-46de-b927-c42469d168e8"
              ],
              "failures": [],
              "pending": [],
              "skipped": [],
              "duration": 2,
              "root": false,
              "rootEmpty": false,
              "_timeout": 2000
            },
            {
              "uuid": "82bb6a7b-40ca-43ae-951c-2a3fe0384eb9",
              "title": "Método GET: Descargar detalle de ventas en Excel",
              "fullFile": "D:\\4toCuatri\\DOCKER\\powerclean\\tests\\detalleVentaControlador.test.js",
              "file": "\\tests\\detalleVentaControlador.test.js",
              "beforeHooks": [],
              "afterHooks": [],
              "tests": [
                {
                  "title": "Debería generar y descargar el archivo Excel exitosamente",
                  "fullTitle": "Pruebas del controlador de detalle de ventas Método GET: Descargar detalle de ventas en Excel Debería generar y descargar el archivo Excel exitosamente",
                  "timedOut": false,
                  "duration": 1,
                  "state": "passed",
                  "speed": "fast",
                  "pass": true,
                  "fail": false,
                  "pending": false,
                  "context": null,
                  "code": "const mockDetalleVentas = [\n    { id: 1, producto: 'Producto 1', cantidad: 10 },\n    { id: 2, producto: 'Producto 2', cantidad: 20 }\n];\nsinon.stub(DetalleVenta, 'generarExcel').resolves(mockDetalleVentas);\nsinon.stub(excel, 'write').returns(Buffer.from('test'));\nconst req = {};\nconst res = {\n    setHeader: sinon.stub(),\n    send: sinon.stub()\n};\nawait DetalleVentaController.downloadDetalleVentasExcel(req, res);\nexpect(res.setHeader.calledWith('Content-Disposition', 'attachment; filename=detalle_ventas.xlsx')).to.be.true;\nexpect(res.setHeader.calledWith('Content-Type', 'application/vnd.openxmlformats-officedocument.spreadsheetml.sheet')).to.be.true;\nexpect(res.send.calledOnce).to.be.true;",
                  "err": {},
                  "uuid": "406cc3c4-8e83-430a-84f5-0d242c695405",
                  "parentUUID": "82bb6a7b-40ca-43ae-951c-2a3fe0384eb9",
                  "isHook": false,
                  "skipped": false
                },
                {
                  "title": "Debería manejar errores al generar el archivo Excel",
                  "fullTitle": "Pruebas del controlador de detalle de ventas Método GET: Descargar detalle de ventas en Excel Debería manejar errores al generar el archivo Excel",
                  "timedOut": false,
                  "duration": 2,
                  "state": "passed",
                  "speed": "fast",
                  "pass": true,
                  "fail": false,
                  "pending": false,
                  "context": null,
                  "code": "sinon.stub(DetalleVenta, 'generarExcel').rejects(new Error('Error al generar el archivo Excel'));\nconst req = {};\nconst res = {\n    status: sinon.stub().returnsThis(),\n    json: sinon.stub()\n};\nawait DetalleVentaController.downloadDetalleVentasExcel(req, res);\nexpect(res.status.calledWith(500)).to.be.true;\nexpect(res.json.calledWith({\n    code: 500,\n    message: 'Error al generar el archivo Excel.',\n    data: null\n})).to.be.true;",
                  "err": {},
                  "uuid": "0a782eac-7339-4564-b240-8b00ada32c48",
                  "parentUUID": "82bb6a7b-40ca-43ae-951c-2a3fe0384eb9",
                  "isHook": false,
                  "skipped": false
                }
              ],
              "suites": [],
              "passes": [
                "406cc3c4-8e83-430a-84f5-0d242c695405",
                "0a782eac-7339-4564-b240-8b00ada32c48"
              ],
              "failures": [],
              "pending": [],
              "skipped": [],
              "duration": 3,
              "root": false,
              "rootEmpty": false,
              "_timeout": 2000
            }
          ],
          "passes": [],
          "failures": [],
          "pending": [],
          "skipped": [],
          "duration": 0,
          "root": false,
          "rootEmpty": false,
          "_timeout": 2000
        },
        {
          "uuid": "72b07fb7-4b2b-4a0b-a5e1-2a2bde825849",
          "title": "Pruebas del controlador de empleados",
          "fullFile": "D:\\4toCuatri\\DOCKER\\powerclean\\tests\\empleadosController.test.js",
          "file": "\\tests\\empleadosController.test.js",
          "beforeHooks": [],
          "afterHooks": [
            {
              "title": "\"after each\" hook in \"Pruebas del controlador de empleados\"",
              "fullTitle": "Pruebas del controlador de empleados \"after each\" hook in \"Pruebas del controlador de empleados\"",
              "timedOut": false,
              "duration": 0,
              "state": null,
              "speed": null,
              "pass": false,
              "fail": false,
              "pending": false,
              "context": null,
              "code": "sinon.restore();",
              "err": {},
              "uuid": "7d57ad56-134b-4120-8bd3-b20fd8c96573",
              "parentUUID": "72b07fb7-4b2b-4a0b-a5e1-2a2bde825849",
              "isHook": true,
              "skipped": false
            }
          ],
          "tests": [],
          "suites": [
            {
              "uuid": "8d940425-2499-4d1b-acdc-bc8466cb8ad9",
              "title": "Método GET: Obtener todos los empleados",
              "fullFile": "D:\\4toCuatri\\DOCKER\\powerclean\\tests\\empleadosController.test.js",
              "file": "\\tests\\empleadosController.test.js",
              "beforeHooks": [],
              "afterHooks": [],
              "tests": [
                {
                  "title": "Debería obtener todos los empleados exitosamente",
                  "fullTitle": "Pruebas del controlador de empleados Método GET: Obtener todos los empleados Debería obtener todos los empleados exitosamente",
                  "timedOut": false,
                  "duration": 1,
                  "state": "passed",
                  "speed": "fast",
                  "pass": true,
                  "fail": false,
                  "pending": false,
                  "context": null,
                  "code": "const mockEmpleados = [\n    { id: 1, nombre: 'Juan', apellido: 'Pérez' },\n    { id: 2, nombre: 'Ana', apellido: 'Gómez' }\n];\nsinon.stub(Empleado, 'findAll').resolves(mockEmpleados);\nconst req = {};\nconst res = {\n    status: sinon.stub().returnsThis(),\n    json: sinon.stub()\n};\nawait EmpleadoController.getAllEmpleados(req, res);\nexpect(res.status.calledWith(200)).to.be.true;\nexpect(res.json.calledWith({\n    code: 200,\n    message: 'Operación exitosa',\n    data: mockEmpleados\n})).to.be.true;",
                  "err": {},
                  "uuid": "55f70d25-865d-4ff2-9839-b6d6d1e03560",
                  "parentUUID": "8d940425-2499-4d1b-acdc-bc8466cb8ad9",
                  "isHook": false,
                  "skipped": false
                },
                {
                  "title": "Debería manejar errores al obtener los empleados",
                  "fullTitle": "Pruebas del controlador de empleados Método GET: Obtener todos los empleados Debería manejar errores al obtener los empleados",
                  "timedOut": false,
                  "duration": 1,
                  "state": "passed",
                  "speed": "fast",
                  "pass": true,
                  "fail": false,
                  "pending": false,
                  "context": null,
                  "code": "sinon.stub(Empleado, 'findAll').rejects(new Error('Error de base de datos'));\nconst req = {};\nconst res = {\n    status: sinon.stub().returnsThis(),\n    json: sinon.stub()\n};\nawait EmpleadoController.getAllEmpleados(req, res);\nexpect(res.status.calledWith(500)).to.be.true;\nexpect(res.json.calledWith({\n    code: 500,\n    message: 'Error de base de datos',\n    data: null\n})).to.be.true;",
                  "err": {},
                  "uuid": "3c1f215e-a29d-4a61-ac3a-503a421aa124",
                  "parentUUID": "8d940425-2499-4d1b-acdc-bc8466cb8ad9",
                  "isHook": false,
                  "skipped": false
                }
              ],
              "suites": [],
              "passes": [
                "55f70d25-865d-4ff2-9839-b6d6d1e03560",
                "3c1f215e-a29d-4a61-ac3a-503a421aa124"
              ],
              "failures": [],
              "pending": [],
              "skipped": [],
              "duration": 2,
              "root": false,
              "rootEmpty": false,
              "_timeout": 2000
            },
            {
              "uuid": "9544f31e-4cdd-48f4-8f3f-82524aa58408",
              "title": "Método GET: Buscar empleados por todos los parámetros",
              "fullFile": "D:\\4toCuatri\\DOCKER\\powerclean\\tests\\empleadosController.test.js",
              "file": "\\tests\\empleadosController.test.js",
              "beforeHooks": [],
              "afterHooks": [],
              "tests": [
                {
                  "title": "Debería buscar empleados exitosamente",
                  "fullTitle": "Pruebas del controlador de empleados Método GET: Buscar empleados por todos los parámetros Debería buscar empleados exitosamente",
                  "timedOut": false,
                  "duration": 2,
                  "state": "passed",
                  "speed": "fast",
                  "pass": true,
                  "fail": false,
                  "pending": false,
                  "context": null,
                  "code": "const searchString = 'Juan';\nconst mockEmpleados = [{ id: 1, nombre: 'Juan', apellido: 'Pérez' }];\nsinon.stub(Empleado, 'searchAllColumns').resolves(mockEmpleados);\nconst req = { params: { q: searchString } };\nconst res = {\n    status: sinon.stub().returnsThis(),\n    json: sinon.stub()\n};\nawait EmpleadoController.searchAllColumns(req, res);\nexpect(res.status.calledWith(200)).to.be.true;\nexpect(res.json.calledWith({\n    code: 200,\n    message: 'Operación exitosa',\n    data: mockEmpleados\n})).to.be.true;",
                  "err": {},
                  "uuid": "392d3223-6d02-43c9-a6e0-8ae87ec84e46",
                  "parentUUID": "9544f31e-4cdd-48f4-8f3f-82524aa58408",
                  "isHook": false,
                  "skipped": false
                },
                {
                  "title": "Debería devolver un error si el parámetro \"q\" es obligatorio",
                  "fullTitle": "Pruebas del controlador de empleados Método GET: Buscar empleados por todos los parámetros Debería devolver un error si el parámetro \"q\" es obligatorio",
                  "timedOut": false,
                  "duration": 1,
                  "state": "passed",
                  "speed": "fast",
                  "pass": true,
                  "fail": false,
                  "pending": false,
                  "context": null,
                  "code": "const req = { params: {} };\nconst res = {\n    status: sinon.stub().returnsThis(),\n    json: sinon.stub()\n};\nawait EmpleadoController.searchAllColumns(req, res);\nexpect(res.status.calledWith(400)).to.be.true;\nexpect(res.json.calledWith({\n    code: 400,\n    message: \"El parámetro 'q' es obligatorio\",\n    data: null\n})).to.be.true;",
                  "err": {},
                  "uuid": "57d91859-14c6-41ab-90cd-4832669fd96a",
                  "parentUUID": "9544f31e-4cdd-48f4-8f3f-82524aa58408",
                  "isHook": false,
                  "skipped": false
                }
              ],
              "suites": [],
              "passes": [
                "392d3223-6d02-43c9-a6e0-8ae87ec84e46",
                "57d91859-14c6-41ab-90cd-4832669fd96a"
              ],
              "failures": [],
              "pending": [],
              "skipped": [],
              "duration": 3,
              "root": false,
              "rootEmpty": false,
              "_timeout": 2000
            },
            {
              "uuid": "367cb7e9-3792-4dcd-837f-d6408f5830c8",
              "title": "Método POST: Crear un nuevo empleado",
              "fullFile": "D:\\4toCuatri\\DOCKER\\powerclean\\tests\\empleadosController.test.js",
              "file": "\\tests\\empleadosController.test.js",
              "beforeHooks": [],
              "afterHooks": [],
              "tests": [
                {
                  "title": "Debería crear un empleado exitosamente",
                  "fullTitle": "Pruebas del controlador de empleados Método POST: Crear un nuevo empleado Debería crear un empleado exitosamente",
                  "timedOut": false,
                  "duration": 1,
                  "state": "passed",
                  "speed": "fast",
                  "pass": true,
                  "fail": false,
                  "pending": false,
                  "context": null,
                  "code": "const nuevoEmpleado = { id: 1, nombre: 'Juan', apellido: 'Pérez' };\nsinon.stub(Empleado, 'create').resolves(nuevoEmpleado);\nconst req = { body: { nombre: 'Juan', apellido: 'Pérez' } };\nconst res = {\n    status: sinon.stub().returnsThis(),\n    json: sinon.stub()\n};\nawait EmpleadoController.createEmpleado(req, res);\nexpect(res.status.calledWith(201)).to.be.true;\nexpect(res.json.calledWith({\n    code: 201,\n    message: 'Empleado creado exitosamente',\n    data: nuevoEmpleado\n})).to.be.true;",
                  "err": {},
                  "uuid": "3a810c24-688b-4aa2-8a14-84714497cb0d",
                  "parentUUID": "367cb7e9-3792-4dcd-837f-d6408f5830c8",
                  "isHook": false,
                  "skipped": false
                },
                {
                  "title": "Debería manejar errores al crear un empleado",
                  "fullTitle": "Pruebas del controlador de empleados Método POST: Crear un nuevo empleado Debería manejar errores al crear un empleado",
                  "timedOut": false,
                  "duration": 1,
                  "state": "passed",
                  "speed": "fast",
                  "pass": true,
                  "fail": false,
                  "pending": false,
                  "context": null,
                  "code": "sinon.stub(Empleado, 'create').rejects(new Error('Error al crear el empleado'));\nconst req = { body: { nombre: 'Juan', apellido: 'Pérez' } };\nconst res = {\n    status: sinon.stub().returnsThis(),\n    json: sinon.stub()\n};\nawait EmpleadoController.createEmpleado(req, res);\nexpect(res.status.calledWith(500)).to.be.true;\nexpect(res.json.calledWith({\n    code: 500,\n    message: 'Error al crear el empleado',\n    data: null\n})).to.be.true;",
                  "err": {},
                  "uuid": "52550a08-54f1-4054-b2ad-d6e8c56a690f",
                  "parentUUID": "367cb7e9-3792-4dcd-837f-d6408f5830c8",
                  "isHook": false,
                  "skipped": false
                }
              ],
              "suites": [],
              "passes": [
                "3a810c24-688b-4aa2-8a14-84714497cb0d",
                "52550a08-54f1-4054-b2ad-d6e8c56a690f"
              ],
              "failures": [],
              "pending": [],
              "skipped": [],
              "duration": 2,
              "root": false,
              "rootEmpty": false,
              "_timeout": 2000
            },
            {
              "uuid": "3f2e719c-2304-4aca-bfff-83f291ca3244",
              "title": "Método GET: Obtener un empleado por ID",
              "fullFile": "D:\\4toCuatri\\DOCKER\\powerclean\\tests\\empleadosController.test.js",
              "file": "\\tests\\empleadosController.test.js",
              "beforeHooks": [],
              "afterHooks": [],
              "tests": [
                {
                  "title": "Debería obtener un empleado por ID exitosamente",
                  "fullTitle": "Pruebas del controlador de empleados Método GET: Obtener un empleado por ID Debería obtener un empleado por ID exitosamente",
                  "timedOut": false,
                  "duration": 1,
                  "state": "passed",
                  "speed": "fast",
                  "pass": true,
                  "fail": false,
                  "pending": false,
                  "context": null,
                  "code": "const mockEmpleado = { id: 1, nombre: 'Juan', apellido: 'Pérez' };\nsinon.stub(Empleado, 'findById').resolves(mockEmpleado);\nconst req = { params: { id: '1' } };\nconst res = {\n    status: sinon.stub().returnsThis(),\n    json: sinon.stub()\n};\nawait EmpleadoController.getEmpleadoById(req, res);\nexpect(res.status.calledWith(200)).to.be.true;\nexpect(res.json.calledWith({\n    code: 200,\n    message: 'Operación exitosa',\n    data: mockEmpleado\n})).to.be.true;",
                  "err": {},
                  "uuid": "aa027b5f-a9d3-4022-b099-5aaadb750849",
                  "parentUUID": "3f2e719c-2304-4aca-bfff-83f291ca3244",
                  "isHook": false,
                  "skipped": false
                },
                {
                  "title": "Debería devolver un error 404 si el empleado no existe",
                  "fullTitle": "Pruebas del controlador de empleados Método GET: Obtener un empleado por ID Debería devolver un error 404 si el empleado no existe",
                  "timedOut": false,
                  "duration": 2,
                  "state": "passed",
                  "speed": "fast",
                  "pass": true,
                  "fail": false,
                  "pending": false,
                  "context": null,
                  "code": "sinon.stub(Empleado, 'findById').resolves(null);\nconst req = { params: { id: '999' } };\nconst res = {\n    status: sinon.stub().returnsThis(),\n    json: sinon.stub()\n};\nawait EmpleadoController.getEmpleadoById(req, res);\nexpect(res.status.calledWith(404)).to.be.true;\nexpect(res.json.calledWith({\n    code: 404,\n    message: 'Empleado no encontrado',\n    data: null\n})).to.be.true;",
                  "err": {},
                  "uuid": "9b00ee38-d6f8-4ce0-b5c8-11a8e00c8563",
                  "parentUUID": "3f2e719c-2304-4aca-bfff-83f291ca3244",
                  "isHook": false,
                  "skipped": false
                }
              ],
              "suites": [],
              "passes": [
                "aa027b5f-a9d3-4022-b099-5aaadb750849",
                "9b00ee38-d6f8-4ce0-b5c8-11a8e00c8563"
              ],
              "failures": [],
              "pending": [],
              "skipped": [],
              "duration": 3,
              "root": false,
              "rootEmpty": false,
              "_timeout": 2000
            },
            {
              "uuid": "35b71b2b-181a-4fc6-a648-f5d833951c11",
              "title": "Método PUT: Actualizar un empleado",
              "fullFile": "D:\\4toCuatri\\DOCKER\\powerclean\\tests\\empleadosController.test.js",
              "file": "\\tests\\empleadosController.test.js",
              "beforeHooks": [],
              "afterHooks": [],
              "tests": [
                {
                  "title": "Debería actualizar un empleado exitosamente",
                  "fullTitle": "Pruebas del controlador de empleados Método PUT: Actualizar un empleado Debería actualizar un empleado exitosamente",
                  "timedOut": false,
                  "duration": 1,
                  "state": "passed",
                  "speed": "fast",
                  "pass": true,
                  "fail": false,
                  "pending": false,
                  "context": null,
                  "code": "const empleadoActualizado = { id: 1, nombre: 'Juan', apellido: 'Pérez' };\nsinon.stub(Empleado, 'update').resolves(empleadoActualizado);\nconst req = { params: { id: '1' }, body: { nombre: 'Juan', apellido: 'Pérez' } };\nconst res = {\n    status: sinon.stub().returnsThis(),\n    json: sinon.stub()\n};\nawait EmpleadoController.updateEmpleado(req, res);\nexpect(res.status.calledWith(200)).to.be.true;\nexpect(res.json.calledWith({\n    code: 200,\n    message: 'Empleado actualizado exitosamente',\n    data: empleadoActualizado\n})).to.be.true;",
                  "err": {},
                  "uuid": "78e76f0a-176e-4854-9177-b42f3e7341cf",
                  "parentUUID": "35b71b2b-181a-4fc6-a648-f5d833951c11",
                  "isHook": false,
                  "skipped": false
                },
                {
                  "title": "Debería devolver un error 404 si el empleado no existe",
                  "fullTitle": "Pruebas del controlador de empleados Método PUT: Actualizar un empleado Debería devolver un error 404 si el empleado no existe",
                  "timedOut": false,
                  "duration": 1,
                  "state": "passed",
                  "speed": "fast",
                  "pass": true,
                  "fail": false,
                  "pending": false,
                  "context": null,
                  "code": "sinon.stub(Empleado, 'update').resolves(null);\nconst req = { params: { id: '999' }, body: { nombre: 'Juan', apellido: 'Pérez' } };\nconst res = {\n    status: sinon.stub().returnsThis(),\n    json: sinon.stub()\n};\nawait EmpleadoController.updateEmpleado(req, res);\nexpect(res.status.calledWith(404)).to.be.true;\nexpect(res.json.calledWith({\n    code: 404,\n    message: 'Empleado no encontrado',\n    data: null\n})).to.be.true;",
                  "err": {},
                  "uuid": "e5dcc35e-d3f2-498d-a8f5-14a967f0a402",
                  "parentUUID": "35b71b2b-181a-4fc6-a648-f5d833951c11",
                  "isHook": false,
                  "skipped": false
                }
              ],
              "suites": [],
              "passes": [
                "78e76f0a-176e-4854-9177-b42f3e7341cf",
                "e5dcc35e-d3f2-498d-a8f5-14a967f0a402"
              ],
              "failures": [],
              "pending": [],
              "skipped": [],
              "duration": 2,
              "root": false,
              "rootEmpty": false,
              "_timeout": 2000
            },
            {
              "uuid": "bb5af656-5991-41ab-aeda-c0fab46d824a",
              "title": "Método DELETE: Eliminar un empleado",
              "fullFile": "D:\\4toCuatri\\DOCKER\\powerclean\\tests\\empleadosController.test.js",
              "file": "\\tests\\empleadosController.test.js",
              "beforeHooks": [],
              "afterHooks": [],
              "tests": [
                {
                  "title": "Debería eliminar un empleado exitosamente",
                  "fullTitle": "Pruebas del controlador de empleados Método DELETE: Eliminar un empleado Debería eliminar un empleado exitosamente",
                  "timedOut": false,
                  "duration": 1,
                  "state": "passed",
                  "speed": "fast",
                  "pass": true,
                  "fail": false,
                  "pending": false,
                  "context": null,
                  "code": "const empleadoEliminado = { id: 1, nombre: 'Juan', apellido: 'Pérez' };\nsinon.stub(Empleado, 'delete').resolves(empleadoEliminado);\nconst req = { params: { id: '1' } };\nconst res = {\n    status: sinon.stub().returnsThis(),\n    json: sinon.stub()\n};\nawait EmpleadoController.deleteEmpleado(req, res);\nexpect(res.status.calledWith(200)).to.be.true;\nexpect(res.json.calledWith({\n    code: 200,\n    message: 'Empleado eliminado exitosamente',\n    data: null\n})).to.be.true;",
                  "err": {},
                  "uuid": "3e220962-3ed6-4235-83a1-ded1b9eaf397",
                  "parentUUID": "bb5af656-5991-41ab-aeda-c0fab46d824a",
                  "isHook": false,
                  "skipped": false
                },
                {
                  "title": "Debería devolver un error 404 si el empleado no existe",
                  "fullTitle": "Pruebas del controlador de empleados Método DELETE: Eliminar un empleado Debería devolver un error 404 si el empleado no existe",
                  "timedOut": false,
                  "duration": 2,
                  "state": "passed",
                  "speed": "fast",
                  "pass": true,
                  "fail": false,
                  "pending": false,
                  "context": null,
                  "code": "sinon.stub(Empleado, 'delete').resolves(false);\nconst req = { params: { id: '999' } };\nconst res = {\n    status: sinon.stub().returnsThis(),\n    json: sinon.stub()\n};\nawait EmpleadoController.deleteEmpleado(req, res);\nexpect(res.status.calledWith(404)).to.be.true;\nexpect(res.json.calledWith({\n    code: 404,\n    message: 'Empleado no encontrado',\n    data: null\n})).to.be.true;",
                  "err": {},
                  "uuid": "bb939e60-ccfa-4f22-a3e8-281aefc54be4",
                  "parentUUID": "bb5af656-5991-41ab-aeda-c0fab46d824a",
                  "isHook": false,
                  "skipped": false
                }
              ],
              "suites": [],
              "passes": [
                "3e220962-3ed6-4235-83a1-ded1b9eaf397",
                "bb939e60-ccfa-4f22-a3e8-281aefc54be4"
              ],
              "failures": [],
              "pending": [],
              "skipped": [],
              "duration": 3,
              "root": false,
              "rootEmpty": false,
              "_timeout": 2000
            },
            {
              "uuid": "adfddfd6-1c7e-4cee-b79f-103a2ccdce79",
              "title": "Método GET: Descargar empleados en Excel",
              "fullFile": "D:\\4toCuatri\\DOCKER\\powerclean\\tests\\empleadosController.test.js",
              "file": "\\tests\\empleadosController.test.js",
              "beforeHooks": [],
              "afterHooks": [],
              "tests": [
                {
                  "title": "Debería generar y descargar el archivo Excel exitosamente",
                  "fullTitle": "Pruebas del controlador de empleados Método GET: Descargar empleados en Excel Debería generar y descargar el archivo Excel exitosamente",
                  "timedOut": false,
                  "duration": 1,
                  "state": "passed",
                  "speed": "fast",
                  "pass": true,
                  "fail": false,
                  "pending": false,
                  "context": null,
                  "code": "const mockEmpleados = [\n    { id: 1, nombre: 'Juan', apellido: 'Pérez' },\n    { id: 2, nombre: 'Ana', apellido: 'Gómez' }\n];\nsinon.stub(Empleado, 'generarExcel').resolves(mockEmpleados);\nsinon.stub(excel, 'write').returns(Buffer.from('test'));\nconst req = {};\nconst res = {\n    setHeader: sinon.stub(),\n    send: sinon.stub()\n};\nawait EmpleadoController.downloadEmpleadosExcel(req, res);\nexpect(res.setHeader.calledWith('Content-Disposition', 'attachment; filename=empleados.xlsx')).to.be.true;\nexpect(res.setHeader.calledWith('Content-Type', 'application/vnd.openxmlformats-officedocument.spreadsheetml.sheet')).to.be.true;\nexpect(res.send.calledOnce).to.be.true;",
                  "err": {},
                  "uuid": "41acddf0-2365-43a9-9264-70f799526210",
                  "parentUUID": "adfddfd6-1c7e-4cee-b79f-103a2ccdce79",
                  "isHook": false,
                  "skipped": false
                },
                {
                  "title": "Debería manejar errores al generar el archivo Excel",
                  "fullTitle": "Pruebas del controlador de empleados Método GET: Descargar empleados en Excel Debería manejar errores al generar el archivo Excel",
                  "timedOut": false,
                  "duration": 2,
                  "state": "passed",
                  "speed": "fast",
                  "pass": true,
                  "fail": false,
                  "pending": false,
                  "context": null,
                  "code": "sinon.stub(Empleado, 'generarExcel').rejects(new Error('Error al generar el archivo Excel'));\nconst req = {};\nconst res = {\n    status: sinon.stub().returnsThis(),\n    json: sinon.stub()\n};\nawait EmpleadoController.downloadEmpleadosExcel(req, res);\nexpect(res.status.calledWith(500)).to.be.true;\nexpect(res.json.calledWith({\n    code: 500,\n    message: 'Error al generar el archivo Excel.',\n    data: null\n})).to.be.true;",
                  "err": {},
                  "uuid": "00569405-7870-461e-9d07-ad84e87a8ba0",
                  "parentUUID": "adfddfd6-1c7e-4cee-b79f-103a2ccdce79",
                  "isHook": false,
                  "skipped": false
                }
              ],
              "suites": [],
              "passes": [
                "41acddf0-2365-43a9-9264-70f799526210",
                "00569405-7870-461e-9d07-ad84e87a8ba0"
              ],
              "failures": [],
              "pending": [],
              "skipped": [],
              "duration": 3,
              "root": false,
              "rootEmpty": false,
              "_timeout": 2000
            }
          ],
          "passes": [],
          "failures": [],
          "pending": [],
          "skipped": [],
          "duration": 0,
          "root": false,
          "rootEmpty": false,
          "_timeout": 2000
        },
        {
          "uuid": "853f6cf6-25e3-4649-a464-0b5b8679f12c",
          "title": "Pruebas del controlador de inventarios",
          "fullFile": "D:\\4toCuatri\\DOCKER\\powerclean\\tests\\inventarioController.test.js",
          "file": "\\tests\\inventarioController.test.js",
          "beforeHooks": [],
          "afterHooks": [
            {
              "title": "\"after each\" hook in \"Pruebas del controlador de inventarios\"",
              "fullTitle": "Pruebas del controlador de inventarios \"after each\" hook in \"Pruebas del controlador de inventarios\"",
              "timedOut": false,
              "duration": 0,
              "state": null,
              "speed": null,
              "pass": false,
              "fail": false,
              "pending": false,
              "context": null,
              "code": "sinon.restore();",
              "err": {},
              "uuid": "e190fc89-1cd9-436b-8397-c6aee619dbe4",
              "parentUUID": "853f6cf6-25e3-4649-a464-0b5b8679f12c",
              "isHook": true,
              "skipped": false
            }
          ],
          "tests": [],
          "suites": [
            {
              "uuid": "d579abd6-67d4-46cd-a45f-e32abf87b834",
              "title": "Método GET: Obtiene todos los inventarios",
              "fullFile": "D:\\4toCuatri\\DOCKER\\powerclean\\tests\\inventarioController.test.js",
              "file": "\\tests\\inventarioController.test.js",
              "beforeHooks": [],
              "afterHooks": [],
              "tests": [
                {
                  "title": "Debería obtener todos los inventarios exitosamente",
                  "fullTitle": "Pruebas del controlador de inventarios Método GET: Obtiene todos los inventarios Debería obtener todos los inventarios exitosamente",
                  "timedOut": false,
                  "duration": 1,
                  "state": "passed",
                  "speed": "fast",
                  "pass": true,
                  "fail": false,
                  "pending": false,
                  "context": null,
                  "code": "const mockInventarios = [\n    { id: 1, nombre: 'Producto 1', cantidad: 10 },\n    { id: 2, nombre: 'Producto 2', cantidad: 20 }\n];\nsinon.stub(Inventario, 'findAll').resolves(mockInventarios);\nconst req = {};\nconst res = {\n    status: sinon.stub().returnsThis(),\n    json: sinon.stub()\n};\nawait InventarioController.getAllInventario(req, res);\nexpect(res.status.calledWith(200)).to.be.true;\nexpect(res.json.calledWith({\n    code: 200,\n    message: 'Operación exitosa',\n    data: mockInventarios\n})).to.be.true;",
                  "err": {},
                  "uuid": "39cf3aba-aabf-4fa5-a4dc-e759f6c0e8eb",
                  "parentUUID": "d579abd6-67d4-46cd-a45f-e32abf87b834",
                  "isHook": false,
                  "skipped": false
                },
                {
                  "title": "Debería manejar errores al obtener los inventarios",
[...]
                  "err": {},
                  "uuid": "74709834-a609-44ea-a877-1ee7544750fb",
                  "parentUUID": "96e1a9a5-b0e5-4afd-9fbe-4408ccddb556",
                  "isHook": false,
                  "skipped": false
                },
                {
                  "title": "Debería manejar errores al obtener las ventas",
                  "fullTitle": "Pruebas del controlador de ventas Método GET: Obtiene todas las ventas Debería manejar errores al obtener las ventas",
                  "timedOut": false,
                  "duration": 1,
                  "state": "passed",
                  "speed": "fast",
                  "pass": true,
                  "fail": false,
                  "pending": false,
                  "context": null,
                  "code": "sinon.stub(Venta, 'findAll').rejects(new Error('Error de base de datos'));\nconst req = { headers: { Authorization: 'powerclean' } };\nconst res = {\n    status: sinon.stub().returnsThis(),\n    json: sinon.stub()\n};\nawait VentaController.getAllVentas(req, res);\nexpect(res.status.calledWith(500)).to.be.true;\nexpect(res.json.calledWith({\n    code: 500,\n    message: 'Error de base de datos',\n    data: null\n})).to.be.true;",
                  "err": {},
                  "uuid": "2d406272-5e12-479f-af98-be0fa84506f3",
                  "parentUUID": "96e1a9a5-b0e5-4afd-9fbe-4408ccddb556",
                  "isHook": false,
                  "skipped": false
                }
              ],
              "suites": [],
              "passes": [
                "74709834-a609-44ea-a877-1ee7544750fb",
                "2d406272-5e12-479f-af98-be0fa84506f3"
              ],
              "failures": [],
              "pending": [],
              "skipped": [],
              "duration": 2,
              "root": false,
              "rootEmpty": false,
              "_timeout": 2000
            },
            {
              "uuid": "396b887c-adcd-49af-b7af-359643bba7c5",
              "title": "Método GET: Buscar ventas por todos los parámetros",
              "fullFile": "D:\\4toCuatri\\DOCKER\\powerclean\\tests\\ventasController.test.js",
              "file": "\\tests\\ventasController.test.js",
              "beforeHooks": [],
              "afterHooks": [],
              "tests": [
                {
                  "title": "Debería buscar ventas exitosamente",
                  "fullTitle": "Pruebas del controlador de ventas Método GET: Buscar ventas por todos los parámetros Debería buscar ventas exitosamente",
                  "timedOut": false,
                  "duration": 1,
                  "state": "passed",
                  "speed": "fast",
                  "pass": true,
                  "fail": false,
                  "pending": false,
                  "context": null,
                  "code": "const searchString = 'V001';\nconst mockVentas = [{ id: 1, folioVenta: 'V001', total: 100 }];\nsinon.stub(Venta, 'searchAllColumns').resolves(mockVentas);\nconst req = { params: { q: searchString }, headers: { Authorization: 'powerclean' } };\nconst res = {\n    status: sinon.stub().returnsThis(),\n    json: sinon.stub()\n};\nawait VentaController.searchAllColumnsVentas(req, res);\nexpect(res.status.calledWith(200)).to.be.true;\nexpect(res.json.calledWith({\n    code: 200,\n    message: 'Operación exitosa',\n    data: mockVentas\n})).to.be.true;",
                  "err": {},
                  "uuid": "5583a9ac-3050-4041-a076-3e5f21a22015",
                  "parentUUID": "396b887c-adcd-49af-b7af-359643bba7c5",
                  "isHook": false,
                  "skipped": false
                },
                {
                  "title": "Debería devolver un error si el parámetro \"q\" es obligatorio",
                  "fullTitle": "Pruebas del controlador de ventas Método GET: Buscar ventas por todos los parámetros Debería devolver un error si el parámetro \"q\" es obligatorio",
                  "timedOut": false,
                  "duration": 1,
                  "state": "passed",
                  "speed": "fast",
                  "pass": true,
                  "fail": false,
                  "pending": false,
                  "context": null,
                  "code": "const req = { params: {}, headers: { Authorization: 'powerclean' } };\nconst res = {\n    status: sinon.stub().returnsThis(),\n    json: sinon.stub()\n};\nawait VentaController.searchAllColumnsVentas(req, res);\nexpect(res.status.calledWith(400)).to.be.true;\nexpect(res.json.calledWith({\n    code: 400,\n    message: \"El parámetro 'q' es obligatorio\",\n    data: null\n})).to.be.true;",
                  "err": {},
                  "uuid": "751d46bc-ef24-44fe-9e81-337c7d73b597",
                  "parentUUID": "396b887c-adcd-49af-b7af-359643bba7c5",
                  "isHook": false,
                  "skipped": false
                }
              ],
              "suites": [],
              "passes": [
                "5583a9ac-3050-4041-a076-3e5f21a22015",
                "751d46bc-ef24-44fe-9e81-337c7d73b597"
              ],
              "failures": [],
              "pending": [],
              "skipped": [],
              "duration": 2,
              "root": false,
              "rootEmpty": false,
              "_timeout": 2000
            },
            {
              "uuid": "caa088e6-66cd-4d19-993d-b67020be1f77",
              "title": "Método POST: Crea una nueva venta",
              "fullFile": "D:\\4toCuatri\\DOCKER\\powerclean\\tests\\ventasController.test.js",
              "file": "\\tests\\ventasController.test.js",
              "beforeHooks": [],
              "afterHooks": [],
              "tests": [
                {
                  "title": "Debería crear una venta exitosamente",
                  "fullTitle": "Pruebas del controlador de ventas Método POST: Crea una nueva venta Debería crear una venta exitosamente",
                  "timedOut": false,
                  "duration": 1,
                  "state": "passed",
                  "speed": "fast",
                  "pass": true,
                  "fail": false,
                  "pending": false,
                  "context": null,
                  "code": "const nuevaVenta = { id: 1, folioVenta: 'V003', total: 300 };\nsinon.stub(Venta, 'create').resolves(nuevaVenta);\nconst req = { body: { folioVenta: 'V003', total: 300 }, headers: { Authorization: 'powerclean' } };\nconst res = {\n    status: sinon.stub().returnsThis(),\n    json: sinon.stub()\n};\nawait VentaController.createVenta(req, res);\nexpect(res.status.calledWith(201)).to.be.true;\nexpect(res.json.calledWith({\n    code: 201,\n    message: 'Venta creada exitosamente',\n    data: nuevaVenta\n})).to.be.true;",
                  "err": {},
                  "uuid": "0678268f-b080-449f-8fc3-d358c9839bca",
                  "parentUUID": "caa088e6-66cd-4d19-993d-b67020be1f77",
                  "isHook": false,
                  "skipped": false
                },
                {
                  "title": "Debería manejar errores al crear una venta",
                  "fullTitle": "Pruebas del controlador de ventas Método POST: Crea una nueva venta Debería manejar errores al crear una venta",
                  "timedOut": false,
                  "duration": 1,
                  "state": "passed",
                  "speed": "fast",
                  "pass": true,
                  "fail": false,
                  "pending": false,
                  "context": null,
                  "code": "sinon.stub(Venta, 'create').rejects(new Error('Error al crear la venta'));\nconst req = { body: { folioVenta: 'V003', total: 300 }, headers: { Authorization: 'powerclean' } };\nconst res = {\n    status: sinon.stub().returnsThis(),\n    json: sinon.stub()\n};\nawait VentaController.createVenta(req, res);\nexpect(res.status.calledWith(500)).to.be.true;\nexpect(res.json.calledWith({\n    code: 500,\n    message: 'Error al crear la venta',\n    data: null\n})).to.be.true;",
                  "err": {},
                  "uuid": "36a68782-2255-48e1-984a-4aecbc24d3f3",
                  "parentUUID": "caa088e6-66cd-4d19-993d-b67020be1f77",
                  "isHook": false,
                  "skipped": false
                }
              ],
              "suites": [],
              "passes": [
                "0678268f-b080-449f-8fc3-d358c9839bca",
                "36a68782-2255-48e1-984a-4aecbc24d3f3"
              ],
              "failures": [],
              "pending": [],
              "skipped": [],
              "duration": 2,
              "root": false,
              "rootEmpty": false,
              "_timeout": 2000
            },
            {
              "uuid": "85f9b1e1-1b72-4d96-b6cf-dc3890a90b57",
              "title": "Método GET: Obtiene una venta por ID (FolioVenta)",
              "fullFile": "D:\\4toCuatri\\DOCKER\\powerclean\\tests\\ventasController.test.js",
              "file": "\\tests\\ventasController.test.js",
              "beforeHooks": [],
              "afterHooks": [],
              "tests": [
                {
                  "title": "Debería obtener una venta por ID exitosamente",
                  "fullTitle": "Pruebas del controlador de ventas Método GET: Obtiene una venta por ID (FolioVenta) Debería obtener una venta por ID exitosamente",
                  "timedOut": false,
                  "duration": 1,
                  "state": "passed",
                  "speed": "fast",
                  "pass": true,
                  "fail": false,
                  "pending": false,
                  "context": null,
                  "code": "const mockVenta = { id: 1, folioVenta: 'V001', total: 100 };\nsinon.stub(Venta, 'findById').resolves(mockVenta);\nconst req = { params: { id: '1' }, headers: { Authorization: 'powerclean' } };\nconst res = {\n    status: sinon.stub().returnsThis(),\n    json: sinon.stub()\n};\nawait VentaController.getVentaById(req, res);\nexpect(res.status.calledWith(200)).to.be.true;\nexpect(res.json.calledWith({\n    code: 200,\n    message: 'Operación exitosa',\n    data: mockVenta\n})).to.be.true;",
                  "err": {},
                  "uuid": "711221a5-2b5e-4772-ab72-fac8accc1558",
                  "parentUUID": "85f9b1e1-1b72-4d96-b6cf-dc3890a90b57",
                  "isHook": false,
                  "skipped": false
                },
                {
                  "title": "Debería devolver un error 404 si la venta no existe",
                  "fullTitle": "Pruebas del controlador de ventas Método GET: Obtiene una venta por ID (FolioVenta) Debería devolver un error 404 si la venta no existe",
                  "timedOut": false,
                  "duration": 2,
                  "state": "passed",
                  "speed": "fast",
                  "pass": true,
                  "fail": false,
                  "pending": false,
                  "context": null,
                  "code": "sinon.stub(Venta, 'findById').resolves(null);\nconst req = { params: { id: '999' }, headers: { Authorization: 'powerclean' } };\nconst res = {\n    status: sinon.stub().returnsThis(),\n    json: sinon.stub()\n};\nawait VentaController.getVentaById(req, res);\nexpect(res.status.calledWith(404)).to.be.true;\nexpect(res.json.calledWith({\n    code: 404,\n    message: 'Operación de venta no encontrada',\n    data: null\n})).to.be.true;",
                  "err": {},
                  "uuid": "e80b7db8-29a5-4be2-bc5d-331d82e5c10d",
                  "parentUUID": "85f9b1e1-1b72-4d96-b6cf-dc3890a90b57",
                  "isHook": false,
                  "skipped": false
                }
              ],
              "suites": [],
              "passes": [
                "711221a5-2b5e-4772-ab72-fac8accc1558",
                "e80b7db8-29a5-4be2-bc5d-331d82e5c10d"
              ],
              "failures": [],
              "pending": [],
              "skipped": [],
              "duration": 3,
              "root": false,
              "rootEmpty": false,
              "_timeout": 2000
            },
            {
              "uuid": "307ae8d9-51a3-407e-9ab1-76ebd5fa888d",
              "title": "Método PUT: Actualiza una venta",
              "fullFile": "D:\\4toCuatri\\DOCKER\\powerclean\\tests\\ventasController.test.js",
              "file": "\\tests\\ventasController.test.js",
              "beforeHooks": [],
              "afterHooks": [],
              "tests": [
                {
                  "title": "Debería actualizar una venta exitosamente",
                  "fullTitle": "Pruebas del controlador de ventas Método PUT: Actualiza una venta Debería actualizar una venta exitosamente",
                  "timedOut": false,
                  "duration": 0,
                  "state": "passed",
                  "speed": "fast",
                  "pass": true,
                  "fail": false,
                  "pending": false,
                  "context": null,
                  "code": "const ventaActualizada = { id: 1, folioVenta: 'V001', total: 150 };\nsinon.stub(Venta, 'update').resolves(ventaActualizada);\nconst req = { params: { id: '1' }, body: { total: 150 }, headers: { Authorization: 'powerclean' } };\nconst res = {\n    status: sinon.stub().returnsThis(),\n    json: sinon.stub()\n};\nawait VentaController.updateVenta(req, res);\nexpect(res.status.calledWith(200)).to.be.true;\nexpect(res.json.calledWith({\n    code: 200,\n    message: 'Venta actualizada exitosamente',\n    data: ventaActualizada\n})).to.be.true;",
                  "err": {},
                  "uuid": "30009817-296c-44ac-8d0d-69c5414222fc",
                  "parentUUID": "307ae8d9-51a3-407e-9ab1-76ebd5fa888d",
                  "isHook": false,
                  "skipped": false
                },
                {
                  "title": "Debería devolver un error 404 si la venta no existe",
                  "fullTitle": "Pruebas del controlador de ventas Método PUT: Actualiza una venta Debería devolver un error 404 si la venta no existe",
                  "timedOut": false,
                  "duration": 1,
                  "state": "passed",
                  "speed": "fast",
                  "pass": true,
                  "fail": false,
                  "pending": false,
                  "context": null,
                  "code": "sinon.stub(Venta, 'update').resolves(null);\nconst req = { params: { id: '999' }, body: { total: 150 }, headers: { Authorization: 'powerclean' } };\nconst res = {\n    status: sinon.stub().returnsThis(),\n    json: sinon.stub()\n};\nawait VentaController.updateVenta(req, res);\nexpect(res.status.calledWith(404)).to.be.true;\nexpect(res.json.calledWith({\n    code: 404,\n    message: 'Operación de venta no encontrada',\n    data: null\n})).to.be.true;",
                  "err": {},
                  "uuid": "792dd9d7-cf4d-4bb7-9f20-ba7c525004d2",
                  "parentUUID": "307ae8d9-51a3-407e-9ab1-76ebd5fa888d",
                  "isHook": false,
                  "skipped": false
                }
              ],
              "suites": [],
              "passes": [
                "30009817-296c-44ac-8d0d-69c5414222fc",
                "792dd9d7-cf4d-4bb7-9f20-ba7c525004d2"
              ],
              "failures": [],
              "pending": [],
              "skipped": [],
              "duration": 1,
              "root": false,
              "rootEmpty": false,
              "_timeout": 2000
            },
            {
              "uuid": "615b8da3-f11f-4064-9e2c-b34c0f9ec7de",
              "title": "Método DELETE: Elimina una venta",
              "fullFile": "D:\\4toCuatri\\DOCKER\\powerclean\\tests\\ventasController.test.js",
              "file": "\\tests\\ventasController.test.js",
              "beforeHooks": [],
              "afterHooks": [],
              "tests": [
                {
                  "title": "Debería eliminar una venta exitosamente",
                  "fullTitle": "Pruebas del controlador de ventas Método DELETE: Elimina una venta Debería eliminar una venta exitosamente",
                  "timedOut": false,
                  "duration": 1,
                  "state": "passed",
                  "speed": "fast",
                  "pass": true,
                  "fail": false,
                  "pending": false,
                  "context": null,
                  "code": "const ventaEliminada = { id: 1, folioVenta: 'V001', total: 100 };\nsinon.stub(Venta, 'delete').resolves(ventaEliminada);\nconst req = { params: { id: '1' }, headers: { Authorization: 'powerclean' } };\nconst res = {\n    status: sinon.stub().returnsThis(),\n    json: sinon.stub()\n};\nawait VentaController.deleteVenta(req, res);\nexpect(res.status.calledWith(200)).to.be.true;\nexpect(res.json.calledWith({\n    code: 200,\n    message: 'Venta eliminada exitosamente',\n    data: null\n})).to.be.true;",
                  "err": {},
                  "uuid": "b5f4e9a5-1a71-402f-91cb-c7e2b30f3e17",
                  "parentUUID": "615b8da3-f11f-4064-9e2c-b34c0f9ec7de",
                  "isHook": false,
                  "skipped": false
                },
                {
                  "title": "Debería devolver un error 404 si la venta no existe",
                  "fullTitle": "Pruebas del controlador de ventas Método DELETE: Elimina una venta Debería devolver un error 404 si la venta no existe",
                  "timedOut": false,
                  "duration": 1,
                  "state": "passed",
                  "speed": "fast",
                  "pass": true,
                  "fail": false,
                  "pending": false,
                  "context": null,
                  "code": "sinon.stub(Venta, 'delete').resolves(false);\nconst req = { params: { id: '999' }, headers: { Authorization: 'powerclean' } };\nconst res = {\n    status: sinon.stub().returnsThis(),\n    json: sinon.stub()\n};\nawait VentaController.deleteVenta(req, res);\nexpect(res.status.calledWith(404)).to.be.true;\nexpect(res.json.calledWith({\n    code: 404,\n    message: 'Operación de venta no encontrada',\n    data: null\n})).to.be.true;",
                  "err": {},
                  "uuid": "0a90a3f2-81e9-49db-9c9d-2b69cb7a1f3f",
                  "parentUUID": "615b8da3-f11f-4064-9e2c-b34c0f9ec7de",
                  "isHook": false,
                  "skipped": false
                }
              ],
              "suites": [],
              "passes": [
                "b5f4e9a5-1a71-402f-91cb-c7e2b30f3e17",
                "0a90a3f2-81e9-49db-9c9d-2b69cb7a1f3f"
              ],
              "failures": [],
              "pending": [],
              "skipped": [],
              "duration": 2,
              "root": false,
              "rootEmpty": false,
              "_timeout": 2000
            }
          ],
          "passes": [],
          "failures": [],
          "pending": [],
          "skipped": [],
          "duration": 0,
          "root": false,
          "rootEmpty": false,
          "_timeout": 2000
        }
      ],
      "passes": [],
      "failures": [],
      "pending": [],
      "skipped": [],
      "duration": 0,
      "root": true,
      "rootEmpty": true,
      "_timeout": 2000
    }
  ],
  "meta": {
    "mocha": {
      "version": "10.7.3"
    },
    "mochawesome": {
      "options": {
        "quiet": false,
        "reportFilename": "mochawesome",
        "saveHtml": true,
        "saveJson": true,
        "consoleReporter": "spec",
        "useInlineDiffs": false,
        "code": true
      },
      "version": "7.1.3"
    },
    "marge": {
      "options": null,
      "version": "6.2.0"
    }
  }
}